<?xml version="1.0" encoding="UTF-8"?>
<!-- Generated by org.testng.reporters.JUnitReportReporter -->
<testsuite hostname="Abhishek" failures="0" tests="1" name="testRunner.testRunner_testNG" time="5.692" errors="0" timestamp="2024-02-10T23:13:27 IST" skipped="0">
  <testcase classname="testRunner.testRunner_testNG" name="runScenario" time="5.692"/>
</testsuite> <!-- testRunner.testRunner_testNG -->
